{"C:\\Users\\Kenneth\\Desktop\\Ian\\Work\\Prismo\\var.js-testing\\var.js": {"path":"C:\\Users\\Kenneth\\Desktop\\Ian\\Work\\Prismo\\var.js-testing\\var.js","statementMap":{"0":{"start":{"line":7,"column":32},"end":{"line":7,"column":70}},"1":{"start":{"line":7,"column":37},"end":{"line":7,"column":70}},"2":{"start":{"line":10,"column":27},"end":{"line":10,"column":61}},"3":{"start":{"line":10,"column":32},"end":{"line":10,"column":61}},"4":{"start":{"line":12,"column":0},"end":{"line":15,"column":1}},"5":{"start":{"line":13,"column":29},"end":{"line":13,"column":52}},"6":{"start":{"line":14,"column":23},"end":{"line":14,"column":41}}},"fnMap":{"0":{"name":"(anonymous_0)","decl":{"start":{"line":7,"column":32},"end":{"line":7,"column":33}},"loc":{"start":{"line":7,"column":37},"end":{"line":7,"column":70}},"line":7},"1":{"name":"(anonymous_1)","decl":{"start":{"line":10,"column":27},"end":{"line":10,"column":28}},"loc":{"start":{"line":10,"column":32},"end":{"line":10,"column":61}},"line":10},"2":{"name":"(anonymous_2)","decl":{"start":{"line":13,"column":15},"end":{"line":13,"column":16}},"loc":{"start":{"line":13,"column":27},"end":{"line":13,"column":54}},"line":13},"3":{"name":"(anonymous_3)","decl":{"start":{"line":14,"column":10},"end":{"line":14,"column":11}},"loc":{"start":{"line":14,"column":22},"end":{"line":14,"column":43}},"line":14}},"branchMap":{"0":{"loc":{"start":{"line":7,"column":37},"end":{"line":7,"column":70}},"type":"binary-expr","locations":[{"start":{"line":7,"column":38},"end":{"line":7,"column":48}},{"start":{"line":7,"column":54},"end":{"line":7,"column":69}}],"line":7},"1":{"loc":{"start":{"line":10,"column":32},"end":{"line":10,"column":61}},"type":"binary-expr","locations":[{"start":{"line":10,"column":32},"end":{"line":10,"column":47}},{"start":{"line":10,"column":52},"end":{"line":10,"column":60}}],"line":10}},"s":{"0":2,"1":99,"2":2,"3":49,"4":2,"5":50,"6":49},"f":{"0":99,"1":49,"2":50,"3":49},"b":{"0":[99,91],"1":[49,38]},"_coverageSchema":"43e27e138ebf9cfc5966b082cf9a028302ed4184","hash":"a33b214097a0a8a137f524cea3e9d0aa7a437d2d"}
}
